2025-09-01 18:34:18,010 - __main__ - INFO - __init__:66 - Enhanced CABAS automation initialized
2025-09-01 18:34:18,315 - __main__ - INFO - launch_cabas:140 - CABAS is already running
2025-09-01 18:34:18,315 - __main__ - INFO - find_and_setup_cabas_window:164 - Searching for CABAS window...
2025-09-01 18:34:18,317 - __main__ - INFO - window_found:174 - Found CABAS window: 'cabas_automation_desktop.py - cabazz - Trae' at -8,-8 size 1936x1096
2025-09-01 18:34:19,818 - __main__ - INFO - setup_window:271 - Window setup completed
2025-09-01 18:34:19,818 - __main__ - INFO - login_to_cabas:688 - Starting CABAS login process
2025-09-01 18:34:19,960 - __main__ - DEBUG - take_screenshot:290 - Screenshot saved: screenshots\login_start.png
2025-09-01 18:34:19,961 - __main__ - INFO - login_method_enhanced_detection:472 - Attempting enhanced login detection method
2025-09-01 18:34:20,049 - __main__ - DEBUG - take_screenshot:290 - Screenshot saved: screenshots\login_attempt_start.png
2025-09-01 18:34:21,550 - __main__ - INFO - setup_window:271 - Window setup completed
2025-09-01 18:34:24,896 - __main__ - DEBUG - find_text_on_screen:349 - OCR text search failed for 'username': tesseract is not installed or it's not in your PATH. See README file for more information.
2025-09-01 18:34:24,961 - __main__ - DEBUG - find_text_on_screen:349 - OCR text search failed for 'user': tesseract is not installed or it's not in your PATH. See README file for more information.
2025-09-01 18:34:25,016 - __main__ - DEBUG - find_text_on_screen:349 - OCR text search failed for 'email': tesseract is not installed or it's not in your PATH. See README file for more information.
2025-09-01 18:34:25,079 - __main__ - DEBUG - find_text_on_screen:349 - OCR text search failed for 'login': tesseract is not installed or it's not in your PATH. See README file for more information.
2025-09-01 18:34:25,138 - __main__ - DEBUG - find_text_on_screen:349 - OCR text search failed for 'användarnamn': tesseract is not installed or it's not in your PATH. See README file for more information.
2025-09-01 18:34:25,196 - __main__ - DEBUG - find_text_on_screen:349 - OCR text search failed for 'password': tesseract is not installed or it's not in your PATH. See README file for more information.
2025-09-01 18:34:25,240 - __main__ - DEBUG - find_text_on_screen:349 - OCR text search failed for 'pass': tesseract is not installed or it's not in your PATH. See README file for more information.
2025-09-01 18:34:25,298 - __main__ - DEBUG - find_text_on_screen:349 - OCR text search failed for 'lösenord': tesseract is not installed or it's not in your PATH. See README file for more information.
2025-09-01 18:34:25,300 - __main__ - DEBUG - find_login_fields:460 - Found login fields: {'username': (960, 480), 'password': (960, 520)}
2025-09-01 18:34:25,300 - __main__ - DEBUG - smart_click:362 - Clicking at (960, 480)
2025-09-01 18:34:32,789 - __main__ - INFO - close_cabas:803 - Closing CABAS application
