2025-09-01 17:55:11,560 - __main__ - INFO - __init__:66 - Enhanced CABAS automation initialized
2025-09-01 17:55:11,982 - __main__ - INFO - launch_cabas:142 - Launching CABAS from: C:\Users\Admin\AppData\Local\CAB Group AB\CAB Service Platform\Application\CAB.Client.Shell.exe
2025-09-01 17:55:13,545 - __main__ - INFO - launch_cabas:150 - CABAS process started successfully
2025-09-01 17:55:13,545 - __main__ - INFO - find_and_setup_cabas_window:164 - Searching for CABAS window...
2025-09-01 17:55:13,546 - __main__ - INFO - window_found:173 - Found CABAS window: 'CAB Service Platform setup' at 26,26 size 535x301
2025-09-01 17:55:15,547 - __main__ - WARNING - setup_window:214 - Could not bring window to front: Error code from Windows: 1400 - Invalid window handle.
2025-09-01 17:55:15,547 - __main__ - INFO - setup_window:216 - Window setup completed
2025-09-01 17:55:15,548 - __main__ - INFO - login_to_cabas:533 - Starting CABAS login process
2025-09-01 17:55:15,698 - __main__ - DEBUG - take_screenshot:235 - Screenshot saved: screenshots\login_start_attempt_1.png
2025-09-01 17:55:15,698 - __main__ - INFO - login_to_cabas:551 - Trying login method 1/2
2025-09-01 17:55:15,699 - __main__ - INFO - login_method_enhanced_detection:412 - Attempting enhanced login detection method
2025-09-01 17:55:15,699 - __main__ - ERROR - setup_window:220 - Error setting up window: Error code from Windows: 1400 - Invalid window handle.
2025-09-01 17:55:18,807 - __main__ - DEBUG - take_screenshot:235 - Screenshot saved: screenshots\login_attempt_start.png
2025-09-01 17:55:18,808 - __main__ - ERROR - find_login_fields:404 - Error finding login fields: Error code from Windows: 1400 - Invalid window handle.
2025-09-01 17:55:18,808 - __main__ - WARNING - login_method_enhanced_detection:456 - Could not locate login fields
2025-09-01 17:55:18,808 - __main__ - WARNING - login_to_cabas:565 - Method 1 failed to execute
2025-09-01 17:55:18,809 - __main__ - INFO - login_to_cabas:551 - Trying login method 2/2
2025-09-01 17:55:18,809 - __main__ - INFO - login_method_fallback_coordinates:468 - Attempting fallback coordinate-based login
2025-09-01 17:55:18,809 - __main__ - ERROR - setup_window:220 - Error setting up window: Error code from Windows: 1400 - Invalid window handle.
2025-09-01 17:55:21,810 - __main__ - ERROR - login_method_fallback_coordinates:525 - Error in fallback login method: Error code from Windows: 1400 - Invalid window handle.
2025-09-01 17:55:21,811 - __main__ - WARNING - login_to_cabas:565 - Method 2 failed to execute
2025-09-01 17:55:21,811 - __main__ - ERROR - login_to_cabas:571 - All login methods failed for attempt 1
2025-09-01 17:55:21,904 - __main__ - DEBUG - take_screenshot:235 - Screenshot saved: screenshots\login_failed_attempt_1.png
2025-09-01 17:55:21,904 - __main__ - INFO - login_to_cabas:576 - Retrying login (attempt 2/3)
2025-09-01 17:55:24,905 - __main__ - INFO - login_to_cabas:533 - Starting CABAS login process
2025-09-01 17:55:25,005 - __main__ - DEBUG - take_screenshot:235 - Screenshot saved: screenshots\login_start_attempt_2.png
2025-09-01 17:55:25,006 - __main__ - INFO - login_to_cabas:551 - Trying login method 1/2
2025-09-01 17:55:25,006 - __main__ - INFO - login_method_enhanced_detection:412 - Attempting enhanced login detection method
2025-09-01 17:55:25,006 - __main__ - ERROR - setup_window:220 - Error setting up window: Error code from Windows: 1400 - Invalid window handle.
2025-09-01 17:55:28,102 - __main__ - DEBUG - take_screenshot:235 - Screenshot saved: screenshots\login_attempt_start.png
2025-09-01 17:55:28,103 - __main__ - ERROR - find_login_fields:404 - Error finding login fields: Error code from Windows: 1400 - Invalid window handle.
2025-09-01 17:55:28,103 - __main__ - WARNING - login_method_enhanced_detection:456 - Could not locate login fields
2025-09-01 17:55:28,103 - __main__ - WARNING - login_to_cabas:565 - Method 1 failed to execute
2025-09-01 17:55:28,103 - __main__ - INFO - login_to_cabas:551 - Trying login method 2/2
2025-09-01 17:55:28,104 - __main__ - INFO - login_method_fallback_coordinates:468 - Attempting fallback coordinate-based login
2025-09-01 17:55:28,104 - __main__ - ERROR - setup_window:220 - Error setting up window: Error code from Windows: 1400 - Invalid window handle.
2025-09-01 17:55:31,105 - __main__ - ERROR - login_method_fallback_coordinates:525 - Error in fallback login method: Error code from Windows: 1400 - Invalid window handle.
2025-09-01 17:55:31,105 - __main__ - WARNING - login_to_cabas:565 - Method 2 failed to execute
2025-09-01 17:55:31,105 - __main__ - ERROR - login_to_cabas:571 - All login methods failed for attempt 2
2025-09-01 17:55:31,203 - __main__ - DEBUG - take_screenshot:235 - Screenshot saved: screenshots\login_failed_attempt_2.png
2025-09-01 17:55:31,204 - __main__ - INFO - login_to_cabas:576 - Retrying login (attempt 3/3)
2025-09-01 17:55:34,205 - __main__ - INFO - login_to_cabas:533 - Starting CABAS login process
2025-09-01 17:55:34,308 - __main__ - DEBUG - take_screenshot:235 - Screenshot saved: screenshots\login_start_attempt_3.png
2025-09-01 17:55:34,309 - __main__ - INFO - login_to_cabas:551 - Trying login method 1/2
2025-09-01 17:55:34,309 - __main__ - INFO - login_method_enhanced_detection:412 - Attempting enhanced login detection method
2025-09-01 17:55:34,309 - __main__ - ERROR - setup_window:220 - Error setting up window: Error code from Windows: 1400 - Invalid window handle.
2025-09-01 17:55:37,402 - __main__ - DEBUG - take_screenshot:235 - Screenshot saved: screenshots\login_attempt_start.png
2025-09-01 17:55:37,403 - __main__ - ERROR - find_login_fields:404 - Error finding login fields: Error code from Windows: 1400 - Invalid window handle.
2025-09-01 17:55:37,403 - __main__ - WARNING - login_method_enhanced_detection:456 - Could not locate login fields
2025-09-01 17:55:37,403 - __main__ - WARNING - login_to_cabas:565 - Method 1 failed to execute
2025-09-01 17:55:37,404 - __main__ - INFO - login_to_cabas:551 - Trying login method 2/2
2025-09-01 17:55:37,404 - __main__ - INFO - login_method_fallback_coordinates:468 - Attempting fallback coordinate-based login
2025-09-01 17:55:37,404 - __main__ - ERROR - setup_window:220 - Error setting up window: Error code from Windows: 1400 - Invalid window handle.
2025-09-01 17:55:40,405 - __main__ - ERROR - login_method_fallback_coordinates:525 - Error in fallback login method: Error code from Windows: 1400 - Invalid window handle.
2025-09-01 17:55:40,405 - __main__ - WARNING - login_to_cabas:565 - Method 2 failed to execute
2025-09-01 17:55:40,405 - __main__ - ERROR - login_to_cabas:571 - All login methods failed for attempt 3
2025-09-01 17:55:40,501 - __main__ - DEBUG - take_screenshot:235 - Screenshot saved: screenshots\login_failed_attempt_3.png
2025-09-01 17:55:40,502 - __main__ - INFO - close_cabas:662 - Closing CABAS application
2025-09-01 17:55:40,503 - __main__ - WARNING - close_cabas:670 - Could not close window normally: Error code from Windows: 1400 - Invalid window handle.
2025-09-01 17:55:42,075 - __main__ - INFO - close_cabas:695 - CABAS application closed
