2025-09-01 18:10:17,960 - __main__ - INFO - __init__:66 - Enhanced CABAS automation initialized
2025-09-01 18:10:18,300 - __main__ - INFO - launch_cabas:142 - Launching CABAS from: C:\Users\Admin\AppData\Local\CAB Group AB\CAB Service Platform\Application\CAB.Client.Shell.exe
2025-09-01 18:10:19,526 - __main__ - INFO - launch_cabas:150 - CABAS process started successfully
2025-09-01 18:10:19,526 - __main__ - INFO - find_and_setup_cabas_window:164 - Searching for CABAS window...
2025-09-01 18:10:19,526 - __main__ - INFO - window_found:174 - Found CABAS window: 'CAB Service Platform setup' at 182,182 size 535x301
2025-09-01 18:10:21,557 - __main__ - WARNING - setup_window:269 - Could not bring window to front: Error code from Windows: 1400 - Invalid window handle.
2025-09-01 18:10:21,557 - __main__ - INFO - setup_window:271 - Window setup completed
2025-09-01 18:10:21,557 - __main__ - INFO - login_to_cabas:684 - Starting CABAS login process
2025-09-01 18:10:21,660 - __main__ - DEBUG - take_screenshot:290 - Screenshot saved: screenshots\login_start.png
2025-09-01 18:10:21,661 - __main__ - INFO - login_method_enhanced_detection:472 - Attempting enhanced login detection method
2025-09-01 18:10:21,749 - __main__ - DEBUG - take_screenshot:290 - Screenshot saved: screenshots\login_attempt_start.png
2025-09-01 18:10:23,253 - __main__ - INFO - setup_window:271 - Window setup completed
2025-09-01 18:10:26,562 - __main__ - DEBUG - find_text_on_screen:349 - OCR text search failed for 'username': tesseract is not installed or it's not in your PATH. See README file for more information.
2025-09-01 18:10:26,603 - __main__ - DEBUG - find_text_on_screen:349 - OCR text search failed for 'user': tesseract is not installed or it's not in your PATH. See README file for more information.
2025-09-01 18:10:26,653 - __main__ - DEBUG - find_text_on_screen:349 - OCR text search failed for 'email': tesseract is not installed or it's not in your PATH. See README file for more information.
2025-09-01 18:10:26,711 - __main__ - DEBUG - find_text_on_screen:349 - OCR text search failed for 'login': tesseract is not installed or it's not in your PATH. See README file for more information.
2025-09-01 18:10:26,756 - __main__ - DEBUG - find_text_on_screen:349 - OCR text search failed for 'användarnamn': tesseract is not installed or it's not in your PATH. See README file for more information.
2025-09-01 18:10:26,804 - __main__ - DEBUG - find_text_on_screen:349 - OCR text search failed for 'password': tesseract is not installed or it's not in your PATH. See README file for more information.
2025-09-01 18:10:26,856 - __main__ - DEBUG - find_text_on_screen:349 - OCR text search failed for 'pass': tesseract is not installed or it's not in your PATH. See README file for more information.
2025-09-01 18:10:26,906 - __main__ - DEBUG - find_text_on_screen:349 - OCR text search failed for 'lösenord': tesseract is not installed or it's not in your PATH. See README file for more information.
2025-09-01 18:10:26,907 - __main__ - DEBUG - find_login_fields:460 - Found login fields: {'username': (960, 480), 'password': (960, 520)}
2025-09-01 18:10:26,908 - __main__ - DEBUG - smart_click:362 - Clicking at (960, 480)
2025-09-01 18:10:39,908 - __main__ - DEBUG - smart_type:397 - Typed text: muhammadfa...
2025-09-01 18:10:40,909 - __main__ - DEBUG - smart_click:362 - Clicking at (960, 520)
2025-09-01 18:10:48,936 - __main__ - DEBUG - smart_type:397 - Typed text: Cabas123!!
2025-09-01 18:10:49,652 - __main__ - INFO - close_cabas:799 - Closing CABAS application
2025-09-01 18:10:52,099 - __main__ - INFO - close_cabas:832 - CABAS application closed
